<?xml version="1.0" encoding="UTF-8"?>
<!-- Generated by org.testng.reporters.JUnitReportReporter -->
<testsuite hostname="DESKTOP-1NBBR8V" failures="0" tests="1" name="Selen.FirstProgTest" time="0.023" errors="0" timestamp="2024-12-13T20:26:40 IST" skipped="0">
  <testcase classname="Selen.FirstProgTest" name="test" time="0.023"/>
  <system-out/>
</testsuite> <!-- Selen.FirstProgTest -->
