<?xml version="1.0" encoding="UTF-8"?>
<!-- Generated by org.testng.reporters.JUnitReportReporter -->
<testsuite hostname="DESKTOP-1NBBR8V" failures="0" tests="1" name="FirstProgtest" time="0.027" errors="0" timestamp="2024-12-13T19:00:17 IST" skipped="0">
  <testcase classname="FirstProgtest" name="firstProgtest" time="0.027"/>
  <system-out/>
</testsuite> <!-- FirstProgtest -->
