<?xml version="1.0" encoding="UTF-8"?>
<!-- Generated by org.testng.reporters.JUnitReportReporter -->
<testsuite hostname="DESKTOP-1NBBR8V" failures="0" tests="1" name="Selen.SecondTestProgTest" time="0.003" errors="0" timestamp="2024-12-16T12:41:50 IST" skipped="0">
  <testcase classname="Selen.SecondTestProgTest" name="secondTestProg" time="0.003"/>
  <system-out/>
</testsuite> <!-- Selen.SecondTestProgTest -->
